

Started GET "/" for 174.100.33.112 at 2014-04-03 21:05:24 +0000
Processing by WelcomeController#index as HTML
  Rendered welcome/index.html.erb within layouts/application (2.3ms)
Completed 200 OK in 1412ms (Views: 1373.7ms | ActiveRecord: 0.0ms)


Started GET "/assets/application.css?body=1" for 174.100.33.112 at 2014-04-03 21:05:26 +0000


Started GET "/assets/welcome.css?body=1" for 174.100.33.112 at 2014-04-03 21:05:26 +0000


Started GET "/assets/jquery.js?body=1" for 174.100.33.112 at 2014-04-03 21:05:26 +0000


Started GET "/assets/jquery_ujs.js?body=1" for 174.100.33.112 at 2014-04-03 21:05:26 +0000


Started GET "/assets/turbolinks.js?body=1" for 174.100.33.112 at 2014-04-03 21:05:26 +0000


Started GET "/assets/welcome.js?body=1" for 174.100.33.112 at 2014-04-03 21:05:26 +0000


Started GET "/assets/application.js?body=1" for 174.100.33.112 at 2014-04-03 21:05:26 +0000


Started GET "/" for 209.59.48.131 at 2014-04-03 21:05:46 +0000
Processing by WelcomeController#index as HTML
  Rendered welcome/index.html.erb within layouts/application (0.1ms)
Completed 200 OK in 6ms (Views: 5.8ms | ActiveRecord: 0.0ms)


Started GET "/assets/application.css?body=1" for 209.59.48.131 at 2014-04-03 21:05:48 +0000


Started GET "/assets/welcome.css?body=1" for 209.59.48.131 at 2014-04-03 21:05:48 +0000


Started GET "/assets/jquery_ujs.js?body=1" for 209.59.48.131 at 2014-04-03 21:05:48 +0000


Started GET "/assets/jquery.js?body=1" for 209.59.48.131 at 2014-04-03 21:05:48 +0000


Started GET "/assets/turbolinks.js?body=1" for 209.59.48.131 at 2014-04-03 21:05:48 +0000


Started GET "/assets/welcome.js?body=1" for 209.59.48.131 at 2014-04-03 21:05:48 +0000


Started GET "/assets/application.js?body=1" for 209.59.48.131 at 2014-04-03 21:05:48 +0000
  [1m[36m (13.6ms)[0m  [1mCREATE TABLE "schema_migrations" ("version" character varying(255) NOT NULL) [0m
  [1m[35m (15.7ms)[0m  CREATE UNIQUE INDEX "unique_schema_migrations" ON "schema_migrations" ("version")
  [1m[36mActiveRecord::SchemaMigration Load (0.5ms)[0m  [1mSELECT "schema_migrations".* FROM "schema_migrations"[0m
Migrating to CreateArticles (20140408205158)
  [1m[35m (0.2ms)[0m  BEGIN
  [1m[36m (14.6ms)[0m  [1mCREATE TABLE "articles" ("id" serial primary key, "title" character varying(255), "content" text, "created_at" timestamp, "updated_at" timestamp) [0m
  [1m[35mSQL (2.5ms)[0m  INSERT INTO "schema_migrations" ("version") VALUES ($1)  [["version", "20140408205158"]]
  [1m[36m (3.4ms)[0m  [1mCOMMIT[0m
  [1m[35mActiveRecord::SchemaMigration Load (0.4ms)[0m  SELECT "schema_migrations".* FROM "schema_migrations"
  [1m[36mActiveRecord::SchemaMigration Load (0.5ms)[0m  [1mSELECT "schema_migrations".* FROM "schema_migrations"[0m
Migrating to CreateArticleCategories (20140408210626)
  [1m[35m (0.3ms)[0m  BEGIN
  [1m[36m (18.5ms)[0m  [1mCREATE TABLE "article_categories" ("id" serial primary key, "article_id" integer, "category_id" integer, "created_at" timestamp, "updated_at" timestamp) [0m
  [1m[35mSQL (0.9ms)[0m  INSERT INTO "schema_migrations" ("version") VALUES ($1)  [["version", "20140408210626"]]
  [1m[36m (6.0ms)[0m  [1mCOMMIT[0m
  [1m[35mActiveRecord::SchemaMigration Load (0.2ms)[0m  SELECT "schema_migrations".* FROM "schema_migrations"
  [1m[36mActiveRecord::SchemaMigration Load (0.6ms)[0m  [1mSELECT "schema_migrations".* FROM "schema_migrations"[0m
Migrating to CreateCategories (20140408211721)
  [1m[35m (0.3ms)[0m  BEGIN
  [1m[36m (20.1ms)[0m  [1mCREATE TABLE "categories" ("id" serial primary key, "name" character varying(255), "created_at" timestamp, "updated_at" timestamp) [0m
  [1m[35mSQL (1.0ms)[0m  INSERT INTO "schema_migrations" ("version") VALUES ($1)  [["version", "20140408211721"]]
  [1m[36m (7.6ms)[0m  [1mCOMMIT[0m
  [1m[35mActiveRecord::SchemaMigration Load (0.3ms)[0m  SELECT "schema_migrations".* FROM "schema_migrations"
  [1m[36mActiveRecord::SchemaMigration Load (0.6ms)[0m  [1mSELECT "schema_migrations".* FROM "schema_migrations"[0m
  [1m[35m (0.2ms)[0m  BEGIN
  [1m[36mCategory Exists (1.1ms)[0m  [1mSELECT 1 AS one FROM "categories" WHERE "categories"."name" = 'History' LIMIT 1[0m
  [1m[35mSQL (60.4ms)[0m  INSERT INTO "categories" ("created_at", "name", "updated_at") VALUES ($1, $2, $3) RETURNING "id"  [["created_at", Tue, 08 Apr 2014 21:36:03 UTC +00:00], ["name", "History"], ["updated_at", Tue, 08 Apr 2014 21:36:03 UTC +00:00]]
  [1m[36m (8.0ms)[0m  [1mCOMMIT[0m
  [1m[35m (0.2ms)[0m  BEGIN
  [1m[36mCategory Exists (0.4ms)[0m  [1mSELECT 1 AS one FROM "categories" WHERE "categories"."name" = 'Biology' LIMIT 1[0m
  [1m[35mSQL (0.4ms)[0m  INSERT INTO "categories" ("created_at", "name", "updated_at") VALUES ($1, $2, $3) RETURNING "id"  [["created_at", Tue, 08 Apr 2014 21:36:03 UTC +00:00], ["name", "Biology"], ["updated_at", Tue, 08 Apr 2014 21:36:03 UTC +00:00]]
  [1m[36m (2.7ms)[0m  [1mCOMMIT[0m
  [1m[35m (0.1ms)[0m  BEGIN
  [1m[36mCategory Exists (0.3ms)[0m  [1mSELECT 1 AS one FROM "categories" WHERE "categories"."name" = 'Literature' LIMIT 1[0m
  [1m[35mSQL (0.4ms)[0m  INSERT INTO "categories" ("created_at", "name", "updated_at") VALUES ($1, $2, $3) RETURNING "id"  [["created_at", Tue, 08 Apr 2014 21:36:03 UTC +00:00], ["name", "Literature"], ["updated_at", Tue, 08 Apr 2014 21:36:03 UTC +00:00]]
  [1m[36m (1.8ms)[0m  [1mCOMMIT[0m
  [1m[35m (0.1ms)[0m  BEGIN
  [1m[36mCategory Exists (0.3ms)[0m  [1mSELECT 1 AS one FROM "categories" WHERE "categories"."name" = 'Mathematics' LIMIT 1[0m
  [1m[35mSQL (0.3ms)[0m  INSERT INTO "categories" ("created_at", "name", "updated_at") VALUES ($1, $2, $3) RETURNING "id"  [["created_at", Tue, 08 Apr 2014 21:36:03 UTC +00:00], ["name", "Mathematics"], ["updated_at", Tue, 08 Apr 2014 21:36:03 UTC +00:00]]
  [1m[36m (1.7ms)[0m  [1mCOMMIT[0m
  [1m[35m (0.1ms)[0m  BEGIN
  [1m[36mCategory Exists (0.3ms)[0m  [1mSELECT 1 AS one FROM "categories" WHERE "categories"."name" = 'Music Theory' LIMIT 1[0m
  [1m[35mSQL (0.4ms)[0m  INSERT INTO "categories" ("created_at", "name", "updated_at") VALUES ($1, $2, $3) RETURNING "id"  [["created_at", Tue, 08 Apr 2014 21:36:03 UTC +00:00], ["name", "Music Theory"], ["updated_at", Tue, 08 Apr 2014 21:36:03 UTC +00:00]]
  [1m[36m (1.7ms)[0m  [1mCOMMIT[0m
  [1m[35m (0.2ms)[0m  BEGIN
  [1m[36mCategory Exists (0.3ms)[0m  [1mSELECT 1 AS one FROM "categories" WHERE "categories"."name" = 'Computer Science' LIMIT 1[0m
  [1m[35mSQL (0.4ms)[0m  INSERT INTO "categories" ("created_at", "name", "updated_at") VALUES ($1, $2, $3) RETURNING "id"  [["created_at", Tue, 08 Apr 2014 21:36:03 UTC +00:00], ["name", "Computer Science"], ["updated_at", Tue, 08 Apr 2014 21:36:03 UTC +00:00]]
  [1m[36m (1.8ms)[0m  [1mCOMMIT[0m
  [1m[35m (0.1ms)[0m  BEGIN
  [1m[36mCategory Exists (0.2ms)[0m  [1mSELECT 1 AS one FROM "categories" WHERE "categories"."name" = 'Sociology' LIMIT 1[0m
  [1m[35mSQL (0.3ms)[0m  INSERT INTO "categories" ("created_at", "name", "updated_at") VALUES ($1, $2, $3) RETURNING "id"  [["created_at", Tue, 08 Apr 2014 21:36:03 UTC +00:00], ["name", "Sociology"], ["updated_at", Tue, 08 Apr 2014 21:36:03 UTC +00:00]]
  [1m[36m (1.8ms)[0m  [1mCOMMIT[0m
  [1m[35m (0.1ms)[0m  BEGIN
  [1m[36mCategory Exists (0.2ms)[0m  [1mSELECT 1 AS one FROM "categories" WHERE "categories"."name" = 'Chemistry' LIMIT 1[0m
  [1m[35mSQL (0.4ms)[0m  INSERT INTO "categories" ("created_at", "name", "updated_at") VALUES ($1, $2, $3) RETURNING "id"  [["created_at", Tue, 08 Apr 2014 21:36:03 UTC +00:00], ["name", "Chemistry"], ["updated_at", Tue, 08 Apr 2014 21:36:03 UTC +00:00]]
  [1m[36m (2.0ms)[0m  [1mCOMMIT[0m
  [1m[35m (0.9ms)[0m  SELECT COUNT(*) FROM "categories"
DEPRECATION WARNING: Relation#first with finder options is deprecated. Please build a scope and then call #first on it instead. (called from block in <top (required)> at /home/action/workspace/wikiful/db/seeds.rb:23)
  [1m[36mCategory Load (0.8ms)[0m  [1mSELECT "categories".* FROM "categories" ORDER BY "categories"."id" ASC LIMIT 1 OFFSET 4[0m
  [1m[36mActiveRecord::SchemaMigration Load (0.5ms)[0m  [1mSELECT "schema_migrations".* FROM "schema_migrations"[0m
  [1m[35m (0.2ms)[0m  BEGIN
  [1m[36mCategory Exists (1.0ms)[0m  [1mSELECT 1 AS one FROM "categories" WHERE "categories"."name" = 'History' LIMIT 1[0m
  [1m[35m (0.3ms)[0m  ROLLBACK
  [1m[36m (0.2ms)[0m  [1mBEGIN[0m
  [1m[35mCategory Exists (0.4ms)[0m  SELECT 1 AS one FROM "categories" WHERE "categories"."name" = 'Biology' LIMIT 1
  [1m[36m (0.2ms)[0m  [1mROLLBACK[0m
  [1m[35m (0.1ms)[0m  BEGIN
  [1m[36mCategory Exists (0.3ms)[0m  [1mSELECT 1 AS one FROM "categories" WHERE "categories"."name" = 'Literature' LIMIT 1[0m
  [1m[35m (0.1ms)[0m  ROLLBACK
  [1m[36m (0.1ms)[0m  [1mBEGIN[0m
  [1m[35mCategory Exists (0.3ms)[0m  SELECT 1 AS one FROM "categories" WHERE "categories"."name" = 'Mathematics' LIMIT 1
  [1m[36m (0.2ms)[0m  [1mROLLBACK[0m
  [1m[35m (0.2ms)[0m  BEGIN
  [1m[36mCategory Exists (0.3ms)[0m  [1mSELECT 1 AS one FROM "categories" WHERE "categories"."name" = 'Music Theory' LIMIT 1[0m
  [1m[35m (0.1ms)[0m  ROLLBACK
  [1m[36m (0.2ms)[0m  [1mBEGIN[0m
  [1m[35mCategory Exists (0.3ms)[0m  SELECT 1 AS one FROM "categories" WHERE "categories"."name" = 'Computer Science' LIMIT 1
  [1m[36m (0.2ms)[0m  [1mROLLBACK[0m
  [1m[35m (0.2ms)[0m  BEGIN
  [1m[36mCategory Exists (0.3ms)[0m  [1mSELECT 1 AS one FROM "categories" WHERE "categories"."name" = 'Sociology' LIMIT 1[0m
  [1m[35m (0.2ms)[0m  ROLLBACK
  [1m[36m (0.2ms)[0m  [1mBEGIN[0m
  [1m[35mCategory Exists (0.3ms)[0m  SELECT 1 AS one FROM "categories" WHERE "categories"."name" = 'Chemistry' LIMIT 1
  [1m[36m (0.2ms)[0m  [1mROLLBACK[0m
  [1m[35m (0.4ms)[0m  SELECT COUNT(*) FROM "categories"
DEPRECATION WARNING: Relation#first with finder options is deprecated. Please build a scope and then call #first on it instead. (called from block in <top (required)> at /home/action/workspace/wikiful/db/seeds.rb:23)
  [1m[36mCategory Load (0.6ms)[0m  [1mSELECT "categories".* FROM "categories" ORDER BY "categories"."id" ASC LIMIT 1 OFFSET 7[0m
  [1m[36mActiveRecord::SchemaMigration Load (0.6ms)[0m  [1mSELECT "schema_migrations".* FROM "schema_migrations"[0m
  [1m[35m (0.2ms)[0m  BEGIN
  [1m[36mCategory Exists (1.0ms)[0m  [1mSELECT 1 AS one FROM "categories" WHERE "categories"."name" = 'History' LIMIT 1[0m
  [1m[35m (0.3ms)[0m  ROLLBACK
  [1m[36m (0.2ms)[0m  [1mBEGIN[0m
  [1m[35mCategory Exists (0.4ms)[0m  SELECT 1 AS one FROM "categories" WHERE "categories"."name" = 'Biology' LIMIT 1
  [1m[36m (0.2ms)[0m  [1mROLLBACK[0m
  [1m[35m (0.2ms)[0m  BEGIN
  [1m[36mCategory Exists (0.3ms)[0m  [1mSELECT 1 AS one FROM "categories" WHERE "categories"."name" = 'Literature' LIMIT 1[0m
  [1m[35m (0.2ms)[0m  ROLLBACK
  [1m[36m (0.1ms)[0m  [1mBEGIN[0m
  [1m[35mCategory Exists (0.3ms)[0m  SELECT 1 AS one FROM "categories" WHERE "categories"."name" = 'Mathematics' LIMIT 1
  [1m[36m (0.2ms)[0m  [1mROLLBACK[0m
  [1m[35m (0.1ms)[0m  BEGIN
  [1m[36mCategory Exists (0.3ms)[0m  [1mSELECT 1 AS one FROM "categories" WHERE "categories"."name" = 'Music Theory' LIMIT 1[0m
  [1m[35m (0.2ms)[0m  ROLLBACK
  [1m[36m (0.2ms)[0m  [1mBEGIN[0m
  [1m[35mCategory Exists (0.3ms)[0m  SELECT 1 AS one FROM "categories" WHERE "categories"."name" = 'Computer Science' LIMIT 1
  [1m[36m (0.2ms)[0m  [1mROLLBACK[0m
  [1m[35m (0.1ms)[0m  BEGIN
  [1m[36mCategory Exists (0.3ms)[0m  [1mSELECT 1 AS one FROM "categories" WHERE "categories"."name" = 'Sociology' LIMIT 1[0m
  [1m[35m (0.2ms)[0m  ROLLBACK
  [1m[36m (0.1ms)[0m  [1mBEGIN[0m
  [1m[35mCategory Exists (0.3ms)[0m  SELECT 1 AS one FROM "categories" WHERE "categories"."name" = 'Chemistry' LIMIT 1
  [1m[36m (0.1ms)[0m  [1mROLLBACK[0m
  [1m[35m (0.6ms)[0m  SELECT COUNT(*) FROM "categories"
DEPRECATION WARNING: Relation#first with finder options is deprecated. Please build a scope and then call #first on it instead. (called from block in <top (required)> at /home/action/workspace/wikiful/db/seeds.rb:23)
  [1m[36mCategory Load (0.7ms)[0m  [1mSELECT "categories".* FROM "categories" ORDER BY "categories"."id" ASC LIMIT 1 OFFSET 5[0m
  [1m[36mActiveRecord::SchemaMigration Load (0.5ms)[0m  [1mSELECT "schema_migrations".* FROM "schema_migrations"[0m
  [1m[35m (0.2ms)[0m  BEGIN
  [1m[36mCategory Exists (0.8ms)[0m  [1mSELECT 1 AS one FROM "categories" WHERE "categories"."name" = 'History' LIMIT 1[0m
  [1m[35m (0.3ms)[0m  ROLLBACK
  [1m[36m (0.2ms)[0m  [1mBEGIN[0m
  [1m[35mCategory Exists (0.5ms)[0m  SELECT 1 AS one FROM "categories" WHERE "categories"."name" = 'Biology' LIMIT 1
  [1m[36m (0.2ms)[0m  [1mROLLBACK[0m
  [1m[35m (0.2ms)[0m  BEGIN
  [1m[36mCategory Exists (0.3ms)[0m  [1mSELECT 1 AS one FROM "categories" WHERE "categories"."name" = 'Literature' LIMIT 1[0m
  [1m[35m (0.2ms)[0m  ROLLBACK
  [1m[36m (0.1ms)[0m  [1mBEGIN[0m
  [1m[35mCategory Exists (0.2ms)[0m  SELECT 1 AS one FROM "categories" WHERE "categories"."name" = 'Mathematics' LIMIT 1
  [1m[36m (0.1ms)[0m  [1mROLLBACK[0m
  [1m[35m (0.2ms)[0m  BEGIN
  [1m[36mCategory Exists (0.2ms)[0m  [1mSELECT 1 AS one FROM "categories" WHERE "categories"."name" = 'Music Theory' LIMIT 1[0m
  [1m[35m (0.1ms)[0m  ROLLBACK
  [1m[36m (0.1ms)[0m  [1mBEGIN[0m
  [1m[35mCategory Exists (0.2ms)[0m  SELECT 1 AS one FROM "categories" WHERE "categories"."name" = 'Computer Science' LIMIT 1
  [1m[36m (0.1ms)[0m  [1mROLLBACK[0m
  [1m[35m (0.1ms)[0m  BEGIN
  [1m[36mCategory Exists (0.3ms)[0m  [1mSELECT 1 AS one FROM "categories" WHERE "categories"."name" = 'Sociology' LIMIT 1[0m
  [1m[35m (0.1ms)[0m  ROLLBACK
  [1m[36m (0.1ms)[0m  [1mBEGIN[0m
  [1m[35mCategory Exists (0.3ms)[0m  SELECT 1 AS one FROM "categories" WHERE "categories"."name" = 'Chemistry' LIMIT 1
  [1m[36m (0.1ms)[0m  [1mROLLBACK[0m
  [1m[35m (0.5ms)[0m  SELECT COUNT(*) FROM "categories"
DEPRECATION WARNING: Relation#first with finder options is deprecated. Please build a scope and then call #first on it instead. (called from block in <top (required)> at /home/action/workspace/wikiful/db/seeds.rb:23)
  [1m[36mCategory Load (0.6ms)[0m  [1mSELECT "categories".* FROM "categories" ORDER BY "categories"."id" ASC LIMIT 1 OFFSET 4[0m
  [1m[36mActiveRecord::SchemaMigration Load (0.5ms)[0m  [1mSELECT "schema_migrations".* FROM "schema_migrations"[0m
  [1m[35m (0.2ms)[0m  BEGIN
  [1m[36mCategory Exists (0.8ms)[0m  [1mSELECT 1 AS one FROM "categories" WHERE "categories"."name" = 'History' LIMIT 1[0m
  [1m[35m (0.5ms)[0m  ROLLBACK
  [1m[36m (0.2ms)[0m  [1mBEGIN[0m
  [1m[35mCategory Exists (0.5ms)[0m  SELECT 1 AS one FROM "categories" WHERE "categories"."name" = 'Biology' LIMIT 1
  [1m[36m (0.2ms)[0m  [1mROLLBACK[0m
  [1m[35m (0.2ms)[0m  BEGIN
  [1m[36mCategory Exists (0.3ms)[0m  [1mSELECT 1 AS one FROM "categories" WHERE "categories"."name" = 'Literature' LIMIT 1[0m
  [1m[35m (0.2ms)[0m  ROLLBACK
  [1m[36m (0.2ms)[0m  [1mBEGIN[0m
  [1m[35mCategory Exists (0.3ms)[0m  SELECT 1 AS one FROM "categories" WHERE "categories"."name" = 'Mathematics' LIMIT 1
  [1m[36m (0.2ms)[0m  [1mROLLBACK[0m
  [1m[35m (0.1ms)[0m  BEGIN
  [1m[36mCategory Exists (0.3ms)[0m  [1mSELECT 1 AS one FROM "categories" WHERE "categories"."name" = 'Music Theory' LIMIT 1[0m
  [1m[35m (0.2ms)[0m  ROLLBACK
  [1m[36m (0.2ms)[0m  [1mBEGIN[0m
  [1m[35mCategory Exists (0.3ms)[0m  SELECT 1 AS one FROM "categories" WHERE "categories"."name" = 'Computer Science' LIMIT 1
  [1m[36m (0.2ms)[0m  [1mROLLBACK[0m
  [1m[35m (0.2ms)[0m  BEGIN
  [1m[36mCategory Exists (0.3ms)[0m  [1mSELECT 1 AS one FROM "categories" WHERE "categories"."name" = 'Sociology' LIMIT 1[0m
  [1m[35m (0.5ms)[0m  ROLLBACK
  [1m[36m (0.3ms)[0m  [1mBEGIN[0m
  [1m[35mCategory Exists (0.3ms)[0m  SELECT 1 AS one FROM "categories" WHERE "categories"."name" = 'Chemistry' LIMIT 1
  [1m[36m (0.2ms)[0m  [1mROLLBACK[0m
  [1m[35m (0.4ms)[0m  SELECT COUNT(*) FROM "categories"
DEPRECATION WARNING: Relation#first with finder options is deprecated. Please build a scope and then call #first on it instead. (called from block in <top (required)> at /home/action/workspace/wikiful/db/seeds.rb:23)
  [1m[36mCategory Load (0.6ms)[0m  [1mSELECT "categories".* FROM "categories" ORDER BY "categories"."id" ASC LIMIT 1 OFFSET 2[0m
